# JRE version: Java(TM) SE Runtime Environment (8.0_261-b12) (build 1.8.0_261-b12)
# Java VM: Java HotSpot(TM) 64-Bit Server VM (25.261-b12 mixed mode windows-amd64 compressed oops)
Heap:
 PSYoungGen      total 278528K, used 141246K [0x000000076e180000, 0x0000000790180000, 0x00000007c0000000)
  eden space 253952K, 52% used [0x000000076e180000,0x000000077649b7d0,0x000000077d980000)
  from space 24576K, 28% used [0x000000077d980000,0x000000077e054030,0x000000077f180000)
  to   space 24576K, 0% used [0x000000078e980000,0x000000078e980000,0x0000000790180000)
 ParOldGen       total 167936K, used 130338K [0x00000006ca400000, 0x00000006d4800000, 0x000000076e180000)
  object space 167936K, 77% used [0x00000006ca400000,0x00000006d2348b90,0x00000006d4800000)
 Metaspace       used 18539K, capacity 18832K, committed 19200K, reserved 1067008K
  class space    used 2126K, capacity 2220K, committed 2304K, reserved 1048576K
GC Heap History (10 events):
Event: 3.679 GC heap before
{Heap before GC invocations=3 (full 0):
 PSYoungGen      total 73728K, used 71780K [0x000000076e180000, 0x0000000773380000, 0x00000007c0000000)
  eden space 63488K, 100% used [0x000000076e180000,0x0000000771f80000,0x0000000771f80000)
  from space 10240K, 80% used [0x0000000772980000,0x0000000773199168,0x0000000773380000)
  to   space 10240K, 0% used [0x0000000771f80000,0x0000000771f80000,0x0000000772980000)
 ParOldGen       total 167936K, used 102496K [0x00000006ca400000, 0x00000006d4800000, 0x000000076e180000)
  object space 167936K, 61% used [0x00000006ca400000,0x00000006d0818038,0x00000006d4800000)
 Metaspace       used 18041K, capacity 18352K, committed 18688K, reserved 1064960K
  class space    used 2092K, capacity 2188K, committed 2304K, reserved 1048576K
Event: 3.697 GC heap after
Heap after GC invocations=3 (full 0):
 PSYoungGen      total 73728K, used 10218K [0x000000076e180000, 0x0000000777180000, 0x00000007c0000000)
  eden space 63488K, 0% used [0x000000076e180000,0x000000076e180000,0x0000000771f80000)
  from space 10240K, 99% used [0x0000000771f80000,0x000000077297a850,0x0000000772980000)
  to   space 10240K, 0% used [0x0000000776780000,0x0000000776780000,0x0000000777180000)
 ParOldGen       total 167936K, used 121338K [0x00000006ca400000, 0x00000006d4800000, 0x000000076e180000)
  object space 167936K, 72% used [0x00000006ca400000,0x00000006d1a7eb70,0x00000006d4800000)
 Metaspace       used 18041K, capacity 18352K, committed 18688K, reserved 1064960K
  class space    used 2092K, capacity 2188K, committed 2304K, reserved 1048576K
}
Event: 3.872 GC heap before
{Heap before GC invocations=4 (full 0):
 PSYoungGen      total 73728K, used 73706K [0x000000076e180000, 0x0000000777180000, 0x00000007c0000000)
  eden space 63488K, 100% used [0x000000076e180000,0x0000000771f80000,0x0000000771f80000)
  from space 10240K, 99% used [0x0000000771f80000,0x000000077297a850,0x0000000772980000)
  to   space 10240K, 0% used [0x0000000776780000,0x0000000776780000,0x0000000777180000)
 ParOldGen       total 167936K, used 121338K [0x00000006ca400000, 0x00000006d4800000, 0x000000076e180000)
  object space 167936K, 72% used [0x00000006ca400000,0x00000006d1a7eb70,0x00000006d4800000)
 Metaspace       used 18329K, capacity 18608K, committed 18944K, reserved 1067008K
  class space    used 2101K, capacity 2188K, committed 2304K, reserved 1048576K
Event: 3.885 GC heap after
Heap after GC invocations=4 (full 0):
 PSYoungGen      total 137216K, used 10234K [0x000000076e180000, 0x0000000777180000, 0x00000007c0000000)
  eden space 126976K, 0% used [0x000000076e180000,0x000000076e180000,0x0000000775d80000)
  from space 10240K, 99% used [0x0000000776780000,0x000000077717e880,0x0000000777180000)
  to   space 10240K, 0% used [0x0000000775d80000,0x0000000775d80000,0x0000000776780000)
 ParOldGen       total 167936K, used 126917K [0x00000006ca400000, 0x00000006d4800000, 0x000000076e180000)
  object space 167936K, 75% used [0x00000006ca400000,0x00000006d1ff16a0,0x00000006d4800000)
 Metaspace       used 18329K, capacity 18608K, committed 18944K, reserved 1067008K
  class space    used 2101K, capacity 2188K, committed 2304K, reserved 1048576K
}
Event: 4.034 GC heap before
{Heap before GC invocations=5 (full 0):
 PSYoungGen      total 137216K, used 137210K [0x000000076e180000, 0x0000000777180000, 0x00000007c0000000)
  eden space 126976K, 100% used [0x000000076e180000,0x0000000775d80000,0x0000000775d80000)
  from space 10240K, 99% used [0x0000000776780000,0x000000077717e880,0x0000000777180000)
  to   space 10240K, 0% used [0x0000000775d80000,0x0000000775d80000,0x0000000776780000)
 ParOldGen       total 167936K, used 126917K [0x00000006ca400000, 0x00000006d4800000, 0x000000076e180000)
  object space 167936K, 75% used [0x00000006ca400000,0x00000006d1ff16a0,0x00000006d4800000)
 Metaspace       used 18330K, capacity 18608K, committed 18944K, reserved 1067008K
  class space    used 2101K, capacity 2188K, committed 2304K, reserved 1048576K
Event: 4.043 GC heap after
Heap after GC invocations=5 (full 0):
 PSYoungGen      total 137216K, used 10234K [0x000000076e180000, 0x0000000780b80000, 0x00000007c0000000)
  eden space 126976K, 0% used [0x000000076e180000,0x000000076e180000,0x0000000775d80000)
  from space 10240K, 99% used [0x0000000775d80000,0x000000077677e860,0x0000000776780000)
  to   space 25600K, 0% used [0x000000077f280000,0x000000077f280000,0x0000000780b80000)
 ParOldGen       total 167936K, used 126989K [0x00000006ca400000, 0x00000006d4800000, 0x000000076e180000)
  object space 167936K, 75% used [0x00000006ca400000,0x00000006d20036a0,0x00000006d4800000)
 Metaspace       used 18330K, capacity 18608K, committed 18944K, reserved 1067008K
  class space    used 2101K, capacity 2188K, committed 2304K, reserved 1048576K
}
Event: 4.159 GC heap before
{Heap before GC invocations=6 (full 0):
 PSYoungGen      total 137216K, used 137210K [0x000000076e180000, 0x0000000780b80000, 0x00000007c0000000)
  eden space 126976K, 100% used [0x000000076e180000,0x0000000775d80000,0x0000000775d80000)
  from space 10240K, 99% used [0x0000000775d80000,0x000000077677e860,0x0000000776780000)
  to   space 25600K, 0% used [0x000000077f280000,0x000000077f280000,0x0000000780b80000)
 ParOldGen       total 167936K, used 126989K [0x00000006ca400000, 0x00000006d4800000, 0x000000076e180000)
  object space 167936K, 75% used [0x00000006ca400000,0x00000006d20036a0,0x00000006d4800000)
 Metaspace       used 18330K, capacity 18608K, committed 18944K, reserved 1067008K
  class space    used 2101K, capacity 2188K, committed 2304K, reserved 1048576K
Event: 4.165 GC heap after
Heap after GC invocations=6 (full 0):
 PSYoungGen      total 277504K, used 10394K [0x000000076e180000, 0x0000000780980000, 0x00000007c0000000)
  eden space 253952K, 0% used [0x000000076e180000,0x000000076e180000,0x000000077d980000)
  from space 23552K, 44% used [0x000000077f280000,0x000000077fca6840,0x0000000780980000)
  to   space 24576K, 0% used [0x000000077d980000,0x000000077d980000,0x000000077f180000)
 ParOldGen       total 167936K, used 126997K [0x00000006ca400000, 0x00000006d4800000, 0x000000076e180000)
  object space 167936K, 75% used [0x00000006ca400000,0x00000006d20056a0,0x00000006d4800000)
 Metaspace       used 18330K, capacity 18608K, committed 18944K, reserved 1067008K
  class space    used 2101K, capacity 2188K, committed 2304K, reserved 1048576K
}
Event: 4.402 GC heap before
{Heap before GC invocations=7 (full 0):
 PSYoungGen      total 277504K, used 264346K [0x000000076e180000, 0x0000000780980000, 0x00000007c0000000)
  eden space 253952K, 100% used [0x000000076e180000,0x000000077d980000,0x000000077d980000)
  from space 23552K, 44% used [0x000000077f280000,0x000000077fca6840,0x0000000780980000)
  to   space 24576K, 0% used [0x000000077d980000,0x000000077d980000,0x000000077f180000)
 ParOldGen       total 167936K, used 126997K [0x00000006ca400000, 0x00000006d4800000, 0x000000076e180000)
  object space 167936K, 75% used [0x00000006ca400000,0x00000006d20056a0,0x00000006d4800000)
 Metaspace       used 18363K, capacity 18608K, committed 18944K, reserved 1067008K
  class space    used 2107K, capacity 2188K, committed 2304K, reserved 1048576K
Event: 4.415 GC heap after
Heap after GC invocations=7 (full 0):
 PSYoungGen      total 278528K, used 6992K [0x000000076e180000, 0x0000000790180000, 0x00000007c0000000)
  eden space 253952K, 0% used [0x000000076e180000,0x000000076e180000,0x000000077d980000)
  from space 24576K, 28% used [0x000000077d980000,0x000000077e054030,0x000000077f180000)
  to   space 24576K, 0% used [0x000000078e980000,0x000000078e980000,0x0000000790180000)
 ParOldGen       total 167936K, used 130338K [0x00000006ca400000, 0x00000006d4800000, 0x000000076e180000)
  object space 167936K, 77% used [0x00000006ca400000,0x00000006d2348b90,0x00000006d4800000)
 Metaspace       used 18363K, capacity 18608K, committed 18944K, reserved 1067008K
  class space    used 2107K, capacity 2188K, committed 2304K, reserved 1048576K
}

